#
# A fatal error has been detected by the Java Runtime Environment:
#
#  Internal Error (javaClasses.cpp:129), pid=4880, tid=3264
#  fatal error: Invalid layout of preloaded class
#
# JRE version: 7.0_25-b17
# Java VM: Java HotSpot(TM) Client VM (23.25-b01 mixed mode windows-x86 )
# Failed to write core dump. Minidumps are not enabled by default on client versions of Windows
#
# If you would like to submit a bug report, please visit:
#   http://bugreport.sun.com/bugreport/crash.jsp
#

---------------  T H R E A D  ---------------

Current thread (0x000dbc00):  JavaThread "Unknown thread" [_thread_in_vm, id=3264, stack(0x00940000,0x00990000)]

Stack: [0x00940000,0x00990000],  sp=0x0098fa54,  free space=318k
Native frames: (J=compiled Java code, j=interpreted, Vv=VM code, C=native code)
V  [jvm.dll+0x167e31]
V  [jvm.dll+0x1620f6]
V  [jvm.dll+0x1f92f]
V  [jvm.dll+0x1f9b6]
V  [jvm.dll+0x2cffd]
V  [jvm.dll+0x2d2a9]
V  [jvm.dll+0x75351]
V  [jvm.dll+0x7570b]
V  [jvm.dll+0x123881]
V  [jvm.dll+0x1439cc]
V  [jvm.dll+0xa619f]
C  [javaw.exe+0x13ca]
C  [javaw.exe+0x1e3c]
C  [javaw.exe+0xa5b1]
C  [javaw.exe+0xa63b]
C  [kernel32.dll+0x1336a]  BaseThreadInitThunk+0x12
C  [ntdll.dll+0x392b2]  RtlInitializeExceptionChain+0x63
C  [ntdll.dll+0x39285]  RtlInitializeExceptionChain+0x36


---------------  P R O C E S S  ---------------

Java Threads: ( => current thread )

Other Threads:

=>0x000dbc00 (exited) JavaThread "Unknown thread" [_thread_in_vm, id=3264, stack(0x00940000,0x00990000)]

VM state:not at safepoint (not fully initialized)

VM Mutex/Monitor currently owned by a thread: None

GC Heap History (0 events):
No events

Deoptimization events (0 events):
No events

Internal exceptions (0 events):
No events

Events (10 events):
Event: 0.010 loading class 0x004c41b0 done
Event: 0.010 loading class 0x004c2410 done
Event: 0.010 loading class 0x004c23e8
Event: 0.010 loading class 0x00535160
Event: 0.010 loading class 0x00535160 done
Event: 0.010 loading class 0x00535198
Event: 0.010 loading class 0x00535198 done
Event: 0.010 loading class 0x00533170
Event: 0.010 loading class 0x00533170 done
Event: 0.010 loading class 0x004c23e8 done


Dynamic libraries:
0x01040000 - 0x0106f000 	C:\Program Files (x86)\Java\jre7\bin\javaw.exe
0x77160000 - 0x772e0000 	C:\Windows\SysWOW64\ntdll.dll
0x755c0000 - 0x756d0000 	C:\Windows\syswow64\kernel32.dll
0x76610000 - 0x76657000 	C:\Windows\syswow64\KERNELBASE.dll
0x76ab0000 - 0x76b50000 	C:\Windows\syswow64\ADVAPI32.dll
0x756d0000 - 0x7577c000 	C:\Windows\syswow64\msvcrt.dll
0x74ea0000 - 0x74eb9000 	C:\Windows\SysWOW64\sechost.dll
0x754d0000 - 0x755c0000 	C:\Windows\syswow64\RPCRT4.dll
0x74c80000 - 0x74ce0000 	C:\Windows\syswow64\SspiCli.dll
0x74c70000 - 0x74c7c000 	C:\Windows\syswow64\CRYPTBASE.dll
0x76c00000 - 0x76d00000 	C:\Windows\syswow64\USER32.dll
0x74ec0000 - 0x74f50000 	C:\Windows\syswow64\GDI32.dll
0x75310000 - 0x7531a000 	C:\Windows\syswow64\LPK.dll
0x76b60000 - 0x76bfd000 	C:\Windows\syswow64\USP10.dll
0x71620000 - 0x717be000 	C:\Windows\WinSxS\x86_microsoft.windows.common-controls_6595b64144ccf1df_6.0.7601.18807_none_41e554362bd82458\COMCTL32.dll
0x76d00000 - 0x76d57000 	C:\Windows\syswow64\SHLWAPI.dll
0x765b0000 - 0x76610000 	C:\Windows\system32\IMM32.DLL
0x74f50000 - 0x7501c000 	C:\Windows\syswow64\MSCTF.dll
0x5f350000 - 0x5f40e000 	C:\Program Files (x86)\Java\jre7\bin\msvcr100.dll
0x5ef20000 - 0x5f262000 	C:\Program Files (x86)\Java\jre7\bin\client\jvm.dll
0x5faa0000 - 0x5faa7000 	C:\Windows\system32\WSOCK32.dll
0x75920000 - 0x75955000 	C:\Windows\syswow64\WS2_32.dll
0x76b50000 - 0x76b56000 	C:\Windows\syswow64\NSI.dll
0x727c0000 - 0x727f2000 	C:\Windows\system32\WINMM.dll
0x77130000 - 0x77135000 	C:\Windows\syswow64\PSAPI.DLL
0x60410000 - 0x6041c000 	C:\Program Files (x86)\Java\jre7\bin\verify.dll
0x603f0000 - 0x60410000 	C:\Program Files (x86)\Java\jre7\bin\java.dll
0x603d0000 - 0x603e3000 	C:\Program Files (x86)\Java\jre7\bin\zip.dll
0x71ff0000 - 0x720db000 	C:\Windows\system32\dbghelp.dll

VM Arguments:
jvm_args: -Dfile.encoding=UTF-8 -Xbootclasspath:E:\adt-x86-20140809\adt-x86-20140809\sdk\platforms\android-19\android.jar 
java_command: com.example.dao.CommonDao
Launcher Type: SUN_STANDARD

Environment Variables:
PATH=C:/Program Files (x86)/Java/jre7/bin/client;C:/Program Files (x86)/Java/jre7/bin;C:/Program Files (x86)/Java/jre7/lib/i386;C:\Program Files (x86)\AMD APP\bin\x86_64;C:\Program Files (x86)\AMD APP\bin\x86;e:\app\Administrator\product\11.2.0\dbhome_1\bin;C:\Windows\system32;C:\Windows;C:\Windows\System32\Wbem;C:\Windows\System32\WindowsPowerShell\v1.0\;E:\MySql\bin;C:\Program Files (x86)\Intel\OpenCL SDK\2.0\bin\x86;C:\Program Files (x86)\Intel\OpenCL SDK\2.0\bin\x64;E:\MongoDB\Server\3.0\bin;E:\Python27;E:\Python27\Scripts;C:\Program Files\Microsoft\Web Platform Installer\;C:\Program Files (x86)\Microsoft ASP.NET\ASP.NET Web Pages\v1.0\;C:\Program Files (x86)\Windows Kits\8.0\Windows Performance Toolkit\;C:\Program Files\Microsoft SQL Server\110\Tools\Binn\;C:\Program Files\Java\jdk1.7.0_25\bin;C:\Program Files (x86)\Java\jdk1.7.0_25\bin;C:\Program Files (x86)\Microsoft SQL Server\100\Tools\Binn\;C:\Program Files\Microsoft SQL Server\100\Tools\Binn\;C:\Program Files\Microsoft SQL Server\100\DTS\Binn\;C:\Program Files (x86)\Microsoft SQL Server\100\Tools\Binn\VSShell\Common7\IDE\;C:\Program Files (x86)\Microsoft SQL Server\100\DTS\Binn\;C:\Program Files (x86)\Microsoft Visual Studio 9.0\Common7\IDE\PrivateAssemblies\;C:\Program Files (x86)\ATI Technologies\ATI.ACE\Core-Static;E:\TortoiseSVN\bin;C:\Program Files (x86)\Microsoft SQL Server\90\Tools\binn\;E:\SSHSecureShellClient;C:\Program Files (x86)\IDM Computer Solutions\UltraEdit\;F:\¿Î¼þ\Andorid2ÆÚ\Android1\adt-x86-20140809\eclipse;
USERNAME=Administrator
OS=Windows_NT
PROCESSOR_IDENTIFIER=Intel64 Family 6 Model 42 Stepping 7, GenuineIntel



---------------  S Y S T E M  ---------------

OS: Windows 7 , 64 bit Build 7601 Service Pack 1

CPU:total 4 (2 cores per cpu, 2 threads per core) family 6 model 42 stepping 7, cmov, cx8, fxsr, mmx, sse, sse2, sse3, ssse3, sse4.1, sse4.2, popcnt, avx, ht, tsc, tscinvbit

Memory: 4k page, physical 6233968k(2372100k free), swap 12466084k(7909492k free)

vm_info: Java HotSpot(TM) Client VM (23.25-b01) for windows-x86 JRE (1.7.0_25-b17), built on Jun 21 2013 13:06:48 by "java_re" with unknown MS VC++:1600

time: Sun Nov 01 17:57:38 2015
elapsed time: 0 seconds

