#
# A fatal error has been detected by the Java Runtime Environment:
#
#  Internal Error (javaClasses.cpp:129), pid=6148, tid=9580
#  fatal error: Invalid layout of preloaded class
#
# JRE version: 7.0_25-b17
# Java VM: Java HotSpot(TM) Client VM (23.25-b01 mixed mode windows-x86 )
# Failed to write core dump. Minidumps are not enabled by default on client versions of Windows
#
# If you would like to submit a bug report, please visit:
#   http://bugreport.sun.com/bugreport/crash.jsp
#

---------------  T H R E A D  ---------------

Current thread (0x0111bc00):  JavaThread "Unknown thread" [_thread_in_vm, id=9580, stack(0x00290000,0x002e0000)]

Stack: [0x00290000,0x002e0000],  sp=0x002df570,  free space=317k
Native frames: (J=compiled Java code, j=interpreted, Vv=VM code, C=native code)
V  [jvm.dll+0x167e31]
V  [jvm.dll+0x1620f6]
V  [jvm.dll+0x1f92f]
V  [jvm.dll+0x1f9b6]
V  [jvm.dll+0x2cffd]
V  [jvm.dll+0x2d2a9]
V  [jvm.dll+0x75351]
V  [jvm.dll+0x7570b]
V  [jvm.dll+0x123881]
V  [jvm.dll+0x1439cc]
V  [jvm.dll+0xa619f]
C  [javaw.exe+0x13ca]
C  [javaw.exe+0x1e3c]
C  [javaw.exe+0xa5b1]
C  [javaw.exe+0xa63b]
C  [kernel32.dll+0x1336a]  BaseThreadInitThunk+0x12
C  [ntdll.dll+0x392b2]  RtlInitializeExceptionChain+0x63
C  [ntdll.dll+0x39285]  RtlInitializeExceptionChain+0x36


---------------  P R O C E S S  ---------------

Java Threads: ( => current thread )

Other Threads:

=>0x0111bc00 (exited) JavaThread "Unknown thread" [_thread_in_vm, id=9580, stack(0x00290000,0x002e0000)]

VM state:not at safepoint (not fully initialized)

VM Mutex/Monitor currently owned by a thread: None

GC Heap History (0 events):
No events

Deoptimization events (0 events):
No events

Internal exceptions (0 events):
No events

Events (10 events):
Event: 0.010 loading class 0x00fa4208 done
Event: 0.010 loading class 0x00fa2410 done
Event: 0.010 loading class 0x00fa23e8
Event: 0.010 loading class 0x010151b0
Event: 0.010 loading class 0x010151b0 done
Event: 0.010 loading class 0x010151e8
Event: 0.010 loading class 0x010151e8 done
Event: 0.010 loading class 0x010131c0
Event: 0.010 loading class 0x010131c0 done
Event: 0.011 loading class 0x00fa23e8 done


Dynamic libraries:
0x012d0000 - 0x012ff000 	C:\Program Files (x86)\Java\jre7\bin\javaw.exe
0x773a0000 - 0x77520000 	C:\Windows\SysWOW64\ntdll.dll
0x760f0000 - 0x76200000 	C:\Windows\syswow64\kernel32.dll
0x76d40000 - 0x76d87000 	C:\Windows\syswow64\KERNELBASE.dll
0x76450000 - 0x764f0000 	C:\Windows\syswow64\ADVAPI32.dll
0x75f50000 - 0x75ffc000 	C:\Windows\syswow64\msvcrt.dll
0x76ab0000 - 0x76ac9000 	C:\Windows\SysWOW64\sechost.dll
0x74f50000 - 0x75040000 	C:\Windows\syswow64\RPCRT4.dll
0x74ec0000 - 0x74f20000 	C:\Windows\syswow64\SspiCli.dll
0x74eb0000 - 0x74ebc000 	C:\Windows\syswow64\CRYPTBASE.dll
0x76760000 - 0x76860000 	C:\Windows\syswow64\USER32.dll
0x75eb0000 - 0x75f40000 	C:\Windows\syswow64\GDI32.dll
0x75f40000 - 0x75f4a000 	C:\Windows\syswow64\LPK.dll
0x75040000 - 0x750dd000 	C:\Windows\syswow64\USP10.dll
0x71840000 - 0x719de000 	C:\Windows\WinSxS\x86_microsoft.windows.common-controls_6595b64144ccf1df_6.0.7601.18807_none_41e554362bd82458\COMCTL32.dll
0x76b30000 - 0x76b87000 	C:\Windows\syswow64\SHLWAPI.dll
0x76390000 - 0x763f0000 	C:\Windows\system32\IMM32.DLL
0x76690000 - 0x7675c000 	C:\Windows\syswow64\MSCTF.dll
0x54560000 - 0x5461e000 	C:\Program Files (x86)\Java\jre7\bin\msvcr100.dll
0x637e0000 - 0x63b22000 	C:\Program Files (x86)\Java\jre7\bin\client\jvm.dll
0x67d30000 - 0x67d37000 	C:\Windows\system32\WSOCK32.dll
0x760b0000 - 0x760e5000 	C:\Windows\syswow64\WS2_32.dll
0x760a0000 - 0x760a6000 	C:\Windows\syswow64\NSI.dll
0x72a00000 - 0x72a32000 	C:\Windows\system32\WINMM.dll
0x76440000 - 0x76445000 	C:\Windows\syswow64\PSAPI.DLL
0x679a0000 - 0x679ac000 	C:\Program Files (x86)\Java\jre7\bin\verify.dll
0x67980000 - 0x679a0000 	C:\Program Files (x86)\Java\jre7\bin\java.dll
0x66bc0000 - 0x66bd3000 	C:\Program Files (x86)\Java\jre7\bin\zip.dll
0x72250000 - 0x7233b000 	C:\Windows\system32\dbghelp.dll

VM Arguments:
jvm_args: -Dfile.encoding=UTF-8 -Xbootclasspath:E:\adt-x86-20140809\adt-x86-20140809\sdk\platforms\android-19\android.jar 
java_command: com.example.oil.OtherActivity
Launcher Type: SUN_STANDARD

Environment Variables:
PATH=C:/Program Files (x86)/Java/jre7/bin/client;C:/Program Files (x86)/Java/jre7/bin;C:/Program Files (x86)/Java/jre7/lib/i386;C:\Program Files (x86)\AMD APP\bin\x86_64;C:\Program Files (x86)\AMD APP\bin\x86;e:\app\Administrator\product\11.2.0\dbhome_1\bin;C:\Windows\system32;C:\Windows;C:\Windows\System32\Wbem;C:\Windows\System32\WindowsPowerShell\v1.0\;E:\MySql\bin;C:\Program Files (x86)\Intel\OpenCL SDK\2.0\bin\x86;C:\Program Files (x86)\Intel\OpenCL SDK\2.0\bin\x64;E:\MongoDB\Server\3.0\bin;E:\Python27;E:\Python27\Scripts;C:\Program Files\Microsoft\Web Platform Installer\;C:\Program Files (x86)\Microsoft ASP.NET\ASP.NET Web Pages\v1.0\;C:\Program Files (x86)\Windows Kits\8.0\Windows Performance Toolkit\;C:\Program Files\Microsoft SQL Server\110\Tools\Binn\;C:\Program Files\Java\jdk1.7.0_25\bin;C:\Program Files (x86)\Java\jdk1.7.0_25\bin;C:\Program Files (x86)\Microsoft SQL Server\100\Tools\Binn\;C:\Program Files\Microsoft SQL Server\100\Tools\Binn\;C:\Program Files\Microsoft SQL Server\100\DTS\Binn\;C:\Program Files (x86)\Microsoft SQL Server\100\Tools\Binn\VSShell\Common7\IDE\;C:\Program Files (x86)\Microsoft SQL Server\100\DTS\Binn\;C:\Program Files (x86)\Microsoft Visual Studio 9.0\Common7\IDE\PrivateAssemblies\;C:\Program Files (x86)\ATI Technologies\ATI.ACE\Core-Static;E:\TortoiseSVN\bin;C:\Program Files (x86)\Microsoft SQL Server\90\Tools\binn\;E:\SSHSecureShellClient;C:\Program Files (x86)\IDM Computer Solutions\UltraEdit\;F:\¿Î¼þ\Andorid2ÆÚ\Android1\adt-x86-20140809\eclipse;
USERNAME=Administrator
OS=Windows_NT
PROCESSOR_IDENTIFIER=Intel64 Family 6 Model 42 Stepping 7, GenuineIntel



---------------  S Y S T E M  ---------------

OS: Windows 7 , 64 bit Build 7601 Service Pack 1

CPU:total 4 (2 cores per cpu, 2 threads per core) family 6 model 42 stepping 7, cmov, cx8, fxsr, mmx, sse, sse2, sse3, ssse3, sse4.1, sse4.2, popcnt, avx, ht, tsc, tscinvbit

Memory: 4k page, physical 6233968k(1866508k free), swap 12466084k(7953456k free)

vm_info: Java HotSpot(TM) Client VM (23.25-b01) for windows-x86 JRE (1.7.0_25-b17), built on Jun 21 2013 13:06:48 by "java_re" with unknown MS VC++:1600

time: Fri Nov 06 18:27:01 2015
elapsed time: 0 seconds

